<?xml version="1.0" encoding="UTF-8"?>
<testsuite xmlns:xsi="http://www.w3.org/2001/XMLSchema-instance" xsi:noNamespaceSchemaLocation="https://maven.apache.org/surefire/maven-surefire-plugin/xsd/surefire-test-report.xsd" name="runner.TestRunner" time="83.787" tests="14" errors="1" skipped="0" failures="0">
  <properties>
[...]
</properties>
  <testcase name="Login with valid credentials #1" classname="Login functionality" time="8.904"/>
  <testcase name="Login with valid credentials #2" classname="Login functionality" time="5.151"/>
  <testcase name="Login with valid credentials #3" classname="Login functionality" time="5.259"/>
  <testcase name="Login with invalid credentials" classname="Login functionality" time="5.277"/>
  <testcase name="Login with valid email and invalid password" classname="Login functionality" time="4.765"/>
  <testcase name="Login with invalid email and valid password" classname="Login functionality" time="5.053"/>
  <testcase name="Login without providing any credentails" classname="Login functionality" time="5.007"/>
  <testcase name="User creates an account only with mandatory fields" classname="Registration functionality" time="6.484"/>
  <testcase name="User creates an account with all fields" classname="Registration functionality" time="5.417"/>
  <testcase name="User creates a duplicate account" classname="Registration functionality" time="5.879"/>
  <testcase name="User creates an account without filling any details" classname="Registration functionality" time="5.472"/>
  <testcase name="User searches for a valid product" classname="Search functionality" time="4.745">
    <error message="/ by zero" type="java.lang.ArithmeticException">java.lang.ArithmeticException: / by zero
</error>
    <system-out><![CDATA[
Scenario: User searches for a valid product                      &amp#27;[90m# src/test/resources/features/Search.feature:3&amp#27;[0m
  &amp#27;[32mGiven &amp#27;[0m&amp#27;[32mUser opens the Application&amp#27;[0m                               &amp#27;[90m# stepDefinitions.Search.user_opens_the_application()&amp#27;[0m
  &amp#27;[32mWhen &amp#27;[0m&amp#27;[32mUser enters valid product &amp#27;[0m&amp#27;[32m&amp#27;[1m"HP"&amp#27;[0m&amp#27;[32m into Search box field&amp#27;[0m      &amp#27;[90m# stepDefinitions.Search.user_enters_valid_product_into_search_box_field(java.lang.String)&amp#27;[0m
  &amp#27;[32mAnd &amp#27;[0m&amp#27;[32mUser clicks on Search button&amp#27;[0m                               &amp#27;[90m# stepDefinitions.Search.user_clicks_on_search_button()&amp#27;[0m
  &amp#27;[31mThen &amp#27;[0m&amp#27;[31mUser should get valid product displayed in search results&amp#27;[0m &amp#27;[90m# stepDefinitions.Search.user_should_get_valid_product_displayed_in_search_results()&amp#27;[0m
      &amp#27;[31mjava.lang.ArithmeticException: / by zero
	at stepDefinitions.Search.user_should_get_valid_product_displayed_in_search_results(Search.java:45)
	at âœ½.User should get valid product displayed in search results(file:///D:/CucumberHybridFramework/tutorialsNinjaProj/src/test/resources/features/Search.feature:7)
&amp#27;[0m

    Embedding User_searches_for_a_valid_product [image/png 58617 bytes]

]]></system-out>
    <system-err><![CDATA[Starting ChromeDriver 112.0.5615.49 (bd2a7bcb881c11e8cfe3078709382934e3916914-refs/branch-heads/5615@{#936}) on port 21631
Only local connections are allowed.
Please see https://chromedriver.chromium.org/security-considerations for suggestions on keeping ChromeDriver safe.
ChromeDriver was started successfully.
Apr 25, 2023 12:45:34 AM org.openqa.selenium.devtools.CdpVersionFinder findNearestMatch
WARNING: Unable to find an exact match for CDP version 112, so returning the closest version found: 111
]]></system-err>
  </testcase>
  <testcase name="User searches for an invalid product" classname="Search functionality" time="4.348"/>
  <testcase name="User searches without any product" classname="Search functionality" time="4.551"/>
</testsuite>